time net_usedMbps avg_cpu dram_usedGB net_allocMbps dram_allocGB
1525221491.1136358 0.0 1.0 0.0 8000 49.392123904
1525221512.1959946 0.0 1.75 0.0 32000 197.568495616
1525221513.2025228 0.0 1.5 0.0 32000 197.568495616
1525221514.2088335 0.0 0.0 0.0 32000 197.568495616
1525221515.2151804 0.0 0.25 0.0 32000 197.568495616
1525221516.221333 0.0 0.75 0.0 32000 197.568495616
1525221517.2277274 0.0 0.5 0.0 32000 197.568495616
1525221518.2338355 0.0 0.25 0.0 32000 197.568495616
1525221519.2404182 0.0 0.25 0.0 32000 197.568495616
1525221520.2460847 0.0 0.0 0.0 32000 197.568495616
1525221521.2530868 0.0 0.0 0.0 32000 197.568495616
1525221522.2589066 0.0 0.0 0.0 32000 197.568495616
1525221523.2656405 0.0 0.25 0.0 32000 197.568495616
1525221524.2714329 0.0 0.5 0.0 32000 197.568495616
1525221525.2782724 0.0 0.5 0.0 32000 197.568495616
1525221526.2844603 0.0 0.25 0.0 32000 197.568495616
1525221527.2919886 0.0 0.0 0.0 32000 197.568495616
1525221528.2983165 0.0 0.25 0.0 32000 197.568495616
1525221529.3055682 0.0 0.5 0.000131072 32000 197.568495616
1525221530.311262 0.0 0.25 0.000131072 32000 197.568495616
1525221531.3191202 0.0 0.25 0.000131072 32000 197.568495616
1525221532.324953 0.0 0.25 0.000131072 32000 197.568495616
1525221533.3328059 0.0 0.25 0.000131072 32000 197.568495616
1525221534.3388042 0.0 0.5 0.000131072 32000 197.568495616
1525221535.3452866 0.0 0.5 0.000131072 32000 197.568495616
1525221536.3512247 0.0 0.75 0.000131072 32000 197.568495616
1525221537.3579888 0.0 0.5 0.000131072 32000 197.568495616
1525221538.364293 0.0 1.25 0.062455808 32000 197.568495616
1525221539.3705792 240.0 7.25 0.154796032 32000 197.568495616
1525221540.3770444 720.0 11.75 0.248250368 32000 197.568495616
1525221541.3831856 1280.0 14.0 0.262930432 32000 197.568495616
1525221542.3890033 960.0 8.75 0.262930432 32000 197.568495616
1525221543.395171 160.0 0.5 0.262930432 32000 197.568495616
1525221544.401149 0.0 0.75 0.262930432 32000 197.568495616
1525221545.4077156 0.0 0.75 0.262930432 32000 197.568495616
1525221546.4137244 0.0 0.0 0.262930432 32000 197.568495616
1525221547.420468 0.0 0.25 0.262930432 32000 197.568495616
1525221548.4277587 0.0 0.5 0.262930432 32000 197.568495616
1525221549.4346836 0.0 0.5 0.262930432 32000 197.568495616
1525221550.4406753 0.0 0.25 0.262930432 32000 197.568495616
1525221551.4472733 0.0 0.0 0.262930432 32000 197.568495616
1525221552.4538617 0.0 0.5 0.262930432 32000 197.568495616
1525221553.459989 0.0 0.5 0.262930432 32000 197.568495616
1525221554.4654958 0.0 0.0 0.262930432 32000 197.568495616
1525221555.4720805 0.0 0.0 0.262930432 32000 197.568495616
1525221556.4780512 0.0 0.0 0.262930432 32000 197.568495616
1525221557.4851227 0.0 0.25 0.262930432 32000 197.568495616
1525221558.49187 0.0 0.25 0.26312704 32000 197.568495616
1525221559.4997087 0.0 0.75 0.26312704 32000 197.568495616
1525221560.505305 0.0 1.25 0.26312704 32000 197.568495616
1525221561.5114412 0.0 0.5 0.26312704 32000 197.568495616
1525221562.5174932 0.0 0.25 0.26312704 32000 197.568495616
1525221563.5241518 0.0 0.75 0.26312704 32000 197.568495616
1525221564.5298166 0.0 1.25 0.26312704 32000 197.568495616
1525221565.5362492 240.0 2.25 0.26312704 32000 197.568495616
1525221566.542495 800.0 2.25 0.26312704 32000 197.568495616
1525221567.5487118 1200.0 0.75 0.281018368 32000 197.568495616
1525221568.554811 720.0 0.0 0.31326208 32000 197.568495616
1525221569.587923 320.0 4.25 0.439615488 32000 197.568495616
1525221570.594165 1520.0 11.25 0.733741056 32000 197.568495616
1525221571.6005604 3040.0 16.5 0.981794816 32000 197.568495616
1525221572.606136 4720.0 34.75 1.776156672 32000 197.568495616
1525221573.612219 7840.0 60.25 2.600337408 32000 197.568495616
1525221574.6178305 13920.0 82.25 4.198629376 32000 197.568495616
1525221575.624895 19760.0 92.75 5.190385664 32000 197.568495616
1525221576.6307557 20880.0 84.25 6.190596096 32000 197.568495616
1525221577.6377163 18880.0 81.0 7.353729024 32000 197.568495616
1525221578.644155 18240.0 81.0 8.558870528 32000 197.568495616
1525221579.6507094 20320.0 82.5 10.02012672 32000 197.568495616
1525221580.6570075 22960.0 89.5 11.485970432 32000 197.568495616
1525221581.663631 24400.0 93.5 12.759334912 32000 197.568495616
1525221582.6699884 22960.0 86.75 13.951369216 32000 197.568495616
1525221583.6767561 20880.0 84.25 15.289155584 32000 197.568495616
1525221584.6839192 20880.0 91.5 16.52948992 32000 197.568495616
1525221585.6908839 21360.0 94.25 17.729847296 32000 197.568495616
1525221586.696758 18080.0 72.25 17.865048064 32000 197.568495616
1525221587.7037292 11360.0 29.5 17.865048064 32000 197.568495616
1525221588.7093046 6240.0 7.25 17.865048064 32000 197.568495616
1525221589.7155154 3840.0 2.75 17.862885376 32000 197.568495616
1525221590.7215257 1680.0 0.75 17.862885376 32000 197.568495616
1525221591.7279751 160.0 0.0 17.862885376 32000 197.568495616
1525221592.7336135 0.0 0.25 17.862885376 32000 197.568495616
1525221593.739592 0.0 0.25 17.862885376 32000 197.568495616
1525221594.7454057 80.0 0.75 17.862885376 32000 197.568495616
1525221595.752167 240.0 1.0 17.862885376 32000 197.568495616
1525221596.7578886 1600.0 4.0 17.862885376 32000 197.568495616
1525221597.7645414 3760.0 5.5 17.862885376 32000 197.568495616
1525221598.7715275 4400.0 4.75 17.802919936 32000 197.568495616
1525221599.7780375 2000.0 1.0 17.802919936 32000 197.568495616
1525221600.7851818 960.0 0.25 17.803116544 32000 197.568495616
1525221601.791881 0.0 0.0 17.803116544 32000 197.568495616
1525221602.7988975 0.0 0.0 17.803116544 32000 197.568495616
1525221603.805122 400.0 1.0 17.803116544 32000 197.568495616
1525221604.8123376 640.0 1.25 17.803313152 32000 197.568495616
1525221605.8190591 640.0 1.75 17.8044928 32000 197.568495616
1525221606.8256018 480.0 1.75 17.805541376 32000 197.568495616
1525221607.8316333 320.0 1.0 17.806065664 32000 197.568495616
1525221608.8382194 640.0 2.0 17.746231296 32000 197.568495616
1525221609.8445318 4400.0 13.25 17.746231296 32000 197.568495616
1525221610.850794 5200.0 13.0 17.746624512 32000 197.568495616
1525221611.8575819 3360.0 3.25 17.746624512 32000 197.568495616
1525221612.863923 2880.0 2.75 17.746624512 32000 197.568495616
1525221613.8715572 2000.0 2.5 17.746624512 32000 197.568495616
1525221614.8779607 2720.0 6.25 17.746624512 32000 197.568495616
1525221615.8856943 8240.0 11.25 17.747410944 32000 197.568495616
1525221616.8924904 7840.0 7.25 17.74780416 32000 197.568495616
1525221617.899468 1360.0 0.75 17.684430848 32000 197.568495616
1525221618.9058475 640.0 0.75 17.684627456 32000 197.568495616
1525221619.912541 2240.0 2.75 17.684824064 32000 197.568495616
1525221620.9190154 2960.0 4.5 17.684824064 32000 197.568495616
1525221621.9256191 4480.0 3.25 17.684824064 32000 197.568495616
1525221622.9327266 3920.0 1.25 17.684824064 32000 197.568495616
1525221623.9389234 1040.0 0.75 17.685086208 32000 197.568495616
1525221624.945955 560.0 0.75 17.68521728 32000 197.568495616
1525221625.95303 0.0 0.0 17.63180544 32000 197.568495616
1525221626.9596727 0.0 0.5 17.632198656 32000 197.568495616
1525221627.966253 560.0 1.25 17.63278848 32000 197.568495616
1525221628.9729984 960.0 0.75 17.633574912 32000 197.568495616
1525221629.979807 1680.0 1.25 17.634557952 32000 197.568495616
1525221630.9862208 1760.0 2.0 17.6357376 32000 197.568495616
1525221631.9924357 2080.0 3.0 17.635934208 32000 197.568495616
1525221632.9986095 1920.0 2.25 17.571119104 32000 197.568495616
1525221634.0054104 720.0 0.5 17.57151232 32000 197.568495616
1525221635.0117064 480.0 0.5 17.572298752 32000 197.568495616
1525221636.0177789 160.0 0.0 17.5734784 32000 197.568495616
1525221637.0242014 320.0 1.0 17.574264832 32000 197.568495616
1525221638.0305343 1040.0 1.75 17.574264832 32000 197.568495616
1525221639.0369802 1200.0 1.75 17.574264832 32000 197.568495616
1525221640.0429137 2640.0 4.25 17.574264832 32000 197.568495616
1525221641.04998 2960.0 3.5 17.574264832 32000 197.568495616
1525221642.0560412 2240.0 1.75 17.518231552 32000 197.568495616
1525221643.0628703 2160.0 2.25 17.518231552 32000 197.568495616
1525221644.0697982 3680.0 4.75 17.518231552 32000 197.568495616
1525221645.076527 4240.0 6.0 17.518493696 32000 197.568495616
1525221646.0832512 5120.0 7.25 17.5194112 32000 197.568495616
1525221647.0898352 4800.0 5.75 17.519607808 32000 197.568495616
1525221648.096372 1840.0 0.5 17.519869952 32000 197.568495616
1525221649.1031828 1600.0 0.75 17.520197632 32000 197.568495616
1525221650.1091535 2960.0 2.25 17.520984064 32000 197.568495616
1525221651.1154132 2480.0 1.5 17.52137728 32000 197.568495616
1525221652.121781 960.0 1.75 17.472684032 32000 197.568495616
1525221653.1278827 1440.0 2.75 17.47288064 32000 197.568495616
1525221654.1338625 2960.0 3.25 17.473077248 32000 197.568495616
1525221655.1402967 3040.0 3.25 17.473273856 32000 197.568495616
1525221656.1472127 2240.0 1.75 17.473273856 32000 197.568495616
1525221657.1536708 2320.0 1.5 17.473273856 32000 197.568495616
1525221658.1609373 4960.0 4.0 17.47386368 32000 197.568495616
1525221659.1679597 5920.0 7.5 17.47451904 32000 197.568495616
1525221660.1754262 8000.0 16.75 17.475436544 32000 197.568495616
1525221661.1818354 8400.0 14.0 17.476419584 32000 197.568495616
1525221662.1884193 8240.0 6.25 17.4129152 32000 197.568495616
1525221663.1953845 8560.0 6.25 17.414094848 32000 197.568495616
1525221664.2018723 10240.0 10.75 17.414160384 32000 197.568495616
1525221665.2085345 9760.0 11.5 17.415471104 32000 197.568495616
1525221666.214785 6720.0 7.75 17.41651968 32000 197.568495616
1525221667.2211993 6080.0 6.5 17.418027008 32000 197.568495616
1525221668.227902 5360.0 3.5 17.418027008 32000 197.568495616
1525221669.2350357 5040.0 3.75 17.418223616 32000 197.568495616
1525221670.2413325 3440.0 4.5 17.418223616 32000 197.568495616
1525221671.2485375 2800.0 3.5 17.418223616 32000 197.568495616
1525221672.2549748 800.0 0.5 17.350524928 32000 197.568495616
1525221673.2630236 400.0 0.5 17.350524928 32000 197.568495616
1525221674.2695708 0.0 2.25 17.350721536 32000 197.568495616
1525221675.2771113 0.0 2.0 17.350721536 32000 197.568495616
1525221676.28386 0.0 0.0 17.350918144 32000 197.568495616
1525221677.2914948 0.0 0.0 17.351114752 32000 197.568495616
1525221678.2977355 0.0 0.25 17.35131136 32000 197.568495616
1525221679.3050075 0.0 0.25 17.352163328 32000 197.568495616
1525221680.311234 0.0 0.25 17.352884224 32000 197.568495616
1525221681.3184314 160.0 1.0 15.076360192 32000 197.568495616
1525221682.3247583 1440.0 2.75 15.076950016 32000 197.568495616
1525221683.3317158 1520.0 2.0 15.076950016 32000 197.568495616
1525221684.3384297 240.0 0.5 15.077998592 32000 197.568495616
1525221685.3451293 0.0 0.75 15.078916096 32000 197.568495616
1525221686.350986 0.0 0.25 15.079702528 32000 197.568495616
1525221687.3574846 0.0 0.0 15.081865216 32000 197.568495616
1525221688.3637588 0.0 0.75 15.082651648 32000 197.568495616
1525221689.3703704 80.0 1.0 15.083241472 32000 197.568495616
1525221690.3763998 1360.0 2.0 15.084814336 32000 197.568495616
1525221691.3823988 1920.0 2.25 15.02117888 32000 197.568495616
1525221692.389102 1760.0 1.0 15.022751744 32000 197.568495616
1525221693.3958368 1200.0 0.5 15.025307648 32000 197.568495616
1525221694.402007 80.0 0.25 15.026487296 32000 197.568495616
1525221695.4085689 0.0 0.25 15.027666944 32000 197.568495616
1525221696.4145832 240.0 1.0 15.028453376 32000 197.568495616
1525221697.4208977 320.0 1.0 15.029239808 32000 197.568495616
1525221698.4273572 160.0 0.5 15.030222848 32000 197.568495616
1525221699.4341836 160.0 0.75 15.030419456 32000 197.568495616
1525221700.4400403 240.0 0.25 14.963376128 32000 197.568495616
1525221701.4466646 160.0 0.0 14.963376128 32000 197.568495616
1525221702.4541588 0.0 0.5 14.963376128 32000 197.568495616
1525221703.460337 0.0 0.5 14.963376128 32000 197.568495616
1525221704.468137 0.0 0.25 14.963376128 32000 197.568495616
1525221705.4744062 0.0 0.25 14.963376128 32000 197.568495616
1525221706.4816227 0.0 0.0 14.963376128 32000 197.568495616
1525221707.4884608 0.0 0.0 14.963376128 32000 197.568495616
1525221708.4944332 0.0 0.0 1.31956736 32000 197.568495616
1525221709.5020695 0.0 0.0 1.31956736 32000 197.568495616
1525221710.5078902 80.0 0.5 1.31956736 32000 197.568495616
1525221711.5143528 320.0 1.0 1.320091648 32000 197.568495616
1525221712.520308 880.0 1.0 1.3205504 32000 197.568495616
1525221713.5266008 800.0 0.5 1.3205504 32000 197.568495616
1525221714.5333252 560.0 1.0 1.3205504 32000 197.568495616
1525221715.5398393 560.0 1.25 1.3205504 32000 197.568495616
1525221716.545915 1280.0 1.5 1.3205504 32000 197.568495616
1525221717.5525017 1920.0 3.5 1.3205504 32000 197.568495616
1525221718.5586607 3120.0 3.75 1.3205504 32000 197.568495616
1525221719.565004 2800.0 1.5 1.3205504 32000 197.568495616
1525221720.5713549 1920.0 0.75 1.262092288 32000 197.568495616
1525221721.5777376 1600.0 1.0 1.262485504 32000 197.568495616
1525221722.5843332 320.0 1.0 1.26287872 32000 197.568495616
1525221723.590873 320.0 1.0 1.26287872 32000 197.568495616
1525221724.5970588 640.0 1.25 1.26287872 32000 197.568495616
1525221725.6031744 560.0 1.5 1.26287872 32000 197.568495616
1525221726.6098883 320.0 1.25 1.263075328 32000 197.568495616
1525221727.616697 240.0 0.75 1.263075328 32000 197.568495616
1525221728.6232154 0.0 0.5 1.263075328 32000 197.568495616
1525221729.6298072 0.0 0.5 1.263271936 32000 197.568495616
1525221730.635738 0.0 0.25 1.200881664 32000 197.568495616
1525221731.6421194 0.0 0.5 1.200881664 32000 197.568495616
1525221732.6481638 0.0 0.75 1.200881664 32000 197.568495616
1525221733.6546757 0.0 0.5 1.200881664 32000 197.568495616
1525221734.6608906 0.0 0.25 1.200881664 32000 197.568495616
1525221735.667016 0.0 0.25 0.07012352 32000 197.568495616
1525221736.6734214 0.0 0.0 0.07012352 32000 197.568495616
1525221737.6805685 0.0 0.0 0.07012352 32000 197.568495616
1525221738.6871579 0.0 0.25 0.070320128 32000 197.568495616
1525221739.6940184 0.0 0.25 0.070320128 32000 197.568495616
1525221740.700064 0.0 0.0 0.070385664 32000 197.568495616
1525221741.7064211 0.0 0.0 0.070713344 32000 197.568495616
1525221742.7129865 0.0 0.0 0.070909952 32000 197.568495616
1525221743.7198482 0.0 0.0 0.07110656 32000 197.568495616
1525221744.7265427 0.0 0.25 0.07110656 32000 197.568495616
1525221745.7331817 0.0 0.25 0.07110656 32000 197.568495616
1525221746.7401788 0.0 0.5 0.071303168 32000 197.568495616
1525221747.7465699 0.0 0.5 0.072482816 32000 197.568495616
1525221748.75384 0.0 0.25 0.072679424 32000 197.568495616
1525221749.7601075 0.0 0.25 0.07307264 32000 197.568495616
1525221750.766466 0.0 0.0 0.073465856 32000 197.568495616
1525221751.772606 0.0 0.0 0.073465856 32000 197.568495616
1525221752.779142 0.0 0.25 0.073465856 32000 197.568495616
1525221753.7870247 0.0 0.25 0.073662464 32000 197.568495616
1525221754.792806 0.0 0.25 0.073859072 32000 197.568495616
1525221755.8000336 0.0 0.25 0.073859072 32000 197.568495616
1525221756.8059087 0.0 0.25 0.07405568 32000 197.568495616
1525221757.813415 0.0 0.25 0.07405568 32000 197.568495616
1525221758.8196485 0.0 0.25 0.07405568 32000 197.568495616
1525221759.8270628 0.0 0.25 0.07405568 32000 197.568495616
1525221760.8333318 0.0 0.25 0.07405568 32000 197.568495616
1525221761.8394334 0.0 0.25 0.07405568 32000 197.568495616
1525221762.8459888 0.0 0.0 0.07405568 32000 197.568495616
1525221763.8524494 0.0 0.0 0.07405568 32000 197.568495616
1525221764.8584883 0.0 0.0 0.07405568 32000 197.568495616
1525221765.8650072 0.0 0.0 0.07405568 32000 197.568495616
1525221766.871004 0.0 0.0 0.07405568 32000 197.568495616
1525221767.8775873 0.0 0.0 0.07405568 32000 197.568495616
1525221768.8836381 0.0 0.0 0.07405568 32000 197.568495616
1525221769.8905818 0.0 0.0 0.07405568 32000 197.568495616
1525221770.8971918 0.0 0.25 0.07405568 32000 197.568495616
1525221771.9037898 0.0 0.25 0.07405568 32000 197.568495616
1525221772.9097688 0.0 0.0 0.07405568 32000 197.568495616
1525221773.9164076 0.0 0.0 0.07405568 32000 197.568495616
